# JRE version: Java(TM) SE Runtime Environment (8.0_202-b08) (build 1.8.0_202-b08)
# Java VM: Java HotSpot(TM) 64-Bit Server VM (25.202-b08 mixed mode windows-amd64 compressed oops)
Heap:
 PSYoungGen      total 753152K, used 36745K [0x0000000580100000, 0x00000005c6d00000, 0x0000000800000000)
  eden space 666112K, 5% used [0x0000000580100000,0x00000005824e2480,0x00000005a8b80000)
  from space 87040K, 0% used [0x00000005ae080000,0x00000005ae080000,0x00000005b3580000)
  to   space 87040K, 0% used [0x00000005a8b80000,0x00000005a8b80000,0x00000005ae080000)
 ParOldGen       total 1485312K, used 24256K [0x0000000080200000, 0x00000000dac80000, 0x0000000580100000)
  object space 1485312K, 1% used [0x0000000080200000,0x00000000819b00f8,0x00000000dac80000)
 Metaspace       used 57667K, capacity 60124K, committed 60440K, reserved 1101824K
  class space    used 7960K, capacity 8395K, committed 8488K, reserved 1048576K
GC Heap History (10 events):
Event: 21.945 GC heap before
{Heap before GC invocations=3 (full 1):
 PSYoungGen      total 611840K, used 518684K [0x0000000580100000, 0x00000005aab80000, 0x0000000800000000)
  eden space 524800K, 98% used [0x0000000580100000,0x000000059fb873d8,0x00000005a0180000)
  from space 87040K, 0% used [0x00000005a0180000,0x00000005a0180000,0x00000005a5680000)
  to   space 87040K, 0% used [0x00000005a5680000,0x00000005a5680000,0x00000005aab80000)
 ParOldGen       total 874496K, used 18922K [0x0000000080200000, 0x00000000b5800000, 0x0000000580100000)
  object space 874496K, 2% used [0x0000000080200000,0x000000008147a878,0x00000000b5800000)
 Metaspace       used 33945K, capacity 35488K, committed 35496K, reserved 1079296K
  class space    used 4450K, capacity 4771K, committed 4776K, reserved 1048576K
Event: 21.972 GC heap after
Heap after GC invocations=3 (full 1):
 PSYoungGen      total 611840K, used 24515K [0x0000000580100000, 0x00000005b4580000, 0x0000000800000000)
  eden space 524800K, 0% used [0x0000000580100000,0x0000000580100000,0x00000005a0180000)
  from space 87040K, 28% used [0x00000005a5680000,0x00000005a6e70f60,0x00000005aab80000)
  to   space 87040K, 0% used [0x00000005a0180000,0x00000005a0180000,0x00000005a5680000)
 ParOldGen       total 874496K, used 18930K [0x0000000080200000, 0x00000000b5800000, 0x0000000580100000)
  object space 874496K, 2% used [0x0000000080200000,0x000000008147c878,0x00000000b5800000)
 Metaspace       used 33945K, capacity 35488K, committed 35496K, reserved 1079296K
  class space    used 4450K, capacity 4771K, committed 4776K, reserved 1048576K
}
Event: 21.972 GC heap before
{Heap before GC invocations=4 (full 2):
 PSYoungGen      total 611840K, used 24515K [0x0000000580100000, 0x00000005b4580000, 0x0000000800000000)
  eden space 524800K, 0% used [0x0000000580100000,0x0000000580100000,0x00000005a0180000)
  from space 87040K, 28% used [0x00000005a5680000,0x00000005a6e70f60,0x00000005aab80000)
  to   space 87040K, 0% used [0x00000005a0180000,0x00000005a0180000,0x00000005a5680000)
 ParOldGen       total 874496K, used 18930K [0x0000000080200000, 0x00000000b5800000, 0x0000000580100000)
  object space 874496K, 2% used [0x0000000080200000,0x000000008147c878,0x00000000b5800000)
 Metaspace       used 33945K, capacity 35488K, committed 35496K, reserved 1079296K
  class space    used 4450K, capacity 4771K, committed 4776K, reserved 1048576K
Event: 22.075 GC heap after
Heap after GC invocations=4 (full 2):
 PSYoungGen      total 611840K, used 0K [0x0000000580100000, 0x00000005b4580000, 0x0000000800000000)
  eden space 524800K, 0% used [0x0000000580100000,0x0000000580100000,0x00000005a0180000)
  from space 87040K, 0% used [0x00000005a5680000,0x00000005a5680000,0x00000005aab80000)
  to   space 87040K, 0% used [0x00000005a0180000,0x00000005a0180000,0x00000005a5680000)
 ParOldGen       total 1485312K, used 28365K [0x0000000080200000, 0x00000000dac80000, 0x0000000580100000)
  object space 1485312K, 1% used [0x0000000080200000,0x0000000081db3790,0x00000000dac80000)
 Metaspace       used 33945K, capacity 35488K, committed 35496K, reserved 1079296K
  class space    used 4450K, capacity 4771K, committed 4776K, reserved 1048576K
}
Event: 33.728 GC heap before
{Heap before GC invocations=5 (full 2):
 PSYoungGen      total 611840K, used 524800K [0x0000000580100000, 0x00000005b4580000, 0x0000000800000000)
  eden space 524800K, 100% used [0x0000000580100000,0x00000005a0180000,0x00000005a0180000)
  from space 87040K, 0% used [0x00000005a5680000,0x00000005a5680000,0x00000005aab80000)
  to   space 87040K, 0% used [0x00000005a0180000,0x00000005a0180000,0x00000005a5680000)
 ParOldGen       total 1485312K, used 28365K [0x0000000080200000, 0x00000000dac80000, 0x0000000580100000)
  object space 1485312K, 1% used [0x0000000080200000,0x0000000081db3790,0x00000000dac80000)
 Metaspace       used 56243K, capacity 58616K, committed 58920K, reserved 1099776K
  class space    used 7777K, capacity 8211K, committed 8232K, reserved 1048576K
Event: 33.760 GC heap after
Heap after GC invocations=5 (full 2):
 PSYoungGen      total 611840K, used 29323K [0x0000000580100000, 0x00000005b3580000, 0x0000000800000000)
  eden space 524800K, 0% used [0x0000000580100000,0x0000000580100000,0x00000005a0180000)
  from space 87040K, 33% used [0x00000005a0180000,0x00000005a1e22f28,0x00000005a5680000)
  to   space 87040K, 0% used [0x00000005ae080000,0x00000005ae080000,0x00000005b3580000)
 ParOldGen       total 1485312K, used 28373K [0x0000000080200000, 0x00000000dac80000, 0x0000000580100000)
  object space 1485312K, 1% used [0x0000000080200000,0x0000000081db5790,0x00000000dac80000)
 Metaspace       used 56243K, capacity 58616K, committed 58920K, reserved 1099776K
  class space    used 7777K, capacity 8211K, committed 8232K, reserved 1048576K
}
Event: 33.801 GC heap before
{Heap before GC invocations=6 (full 2):
 PSYoungGen      total 611840K, used 51349K [0x0000000580100000, 0x00000005b3580000, 0x0000000800000000)
  eden space 524800K, 4% used [0x0000000580100000,0x0000000581682708,0x00000005a0180000)
  from space 87040K, 33% used [0x00000005a0180000,0x00000005a1e22f28,0x00000005a5680000)
  to   space 87040K, 0% used [0x00000005ae080000,0x00000005ae080000,0x00000005b3580000)
 ParOldGen       total 1485312K, used 28373K [0x0000000080200000, 0x00000000dac80000, 0x0000000580100000)
  object space 1485312K, 1% used [0x0000000080200000,0x0000000081db5790,0x00000000dac80000)
 Metaspace       used 56526K, capacity 58886K, committed 59160K, reserved 1099776K
  class space    used 7812K, capacity 8214K, committed 8232K, reserved 1048576K
Event: 33.818 GC heap after
Heap after GC invocations=6 (full 2):
 PSYoungGen      total 753152K, used 12323K [0x0000000580100000, 0x00000005c6d00000, 0x0000000800000000)
  eden space 666112K, 0% used [0x0000000580100000,0x0000000580100000,0x00000005a8b80000)
  from space 87040K, 14% used [0x00000005ae080000,0x00000005aec88c38,0x00000005b3580000)
  to   space 87040K, 0% used [0x00000005a8b80000,0x00000005a8b80000,0x00000005ae080000)
 ParOldGen       total 1485312K, used 28381K [0x0000000080200000, 0x00000000dac80000, 0x0000000580100000)
  object space 1485312K, 1% used [0x0000000080200000,0x0000000081db7790,0x00000000dac80000)
 Metaspace       used 56526K, capacity 58886K, committed 59160K, reserved 1099776K
  class space    used 7812K, capacity 8214K, committed 8232K, reserved 1048576K
}
Event: 33.818 GC heap before
{Heap before GC invocations=7 (full 3):
 PSYoungGen      total 753152K, used 12323K [0x0000000580100000, 0x00000005c6d00000, 0x0000000800000000)
  eden space 666112K, 0% used [0x0000000580100000,0x0000000580100000,0x00000005a8b80000)
  from space 87040K, 14% used [0x00000005ae080000,0x00000005aec88c38,0x00000005b3580000)
  to   space 87040K, 0% used [0x00000005a8b80000,0x00000005a8b80000,0x00000005ae080000)
 ParOldGen       total 1485312K, used 28381K [0x0000000080200000, 0x00000000dac80000, 0x0000000580100000)
  object space 1485312K, 1% used [0x0000000080200000,0x0000000081db7790,0x00000000dac80000)
 Metaspace       used 56526K, capacity 58886K, committed 59160K, reserved 1099776K
  class space    used 7812K, capacity 8214K, committed 8232K, reserved 1048576K
Event: 34.108 GC heap after
Heap after GC invocations=7 (full 3):
 PSYoungGen      total 753152K, used 0K [0x0000000580100000, 0x00000005c6d00000, 0x0000000800000000)
  eden space 666112K, 0% used [0x0000000580100000,0x0000000580100000,0x00000005a8b80000)
  from space 87040K, 0% used [0x00000005ae080000,0x00000005ae080000,0x00000005b3580000)
  to   space 87040K, 0% used [0x00000005a8b80000,0x00000005a8b80000,0x00000005ae080000)
 ParOldGen       total 1485312K, used 24256K [0x0000000080200000, 0x00000000dac80000, 0x0000000580100000)
  object space 1485312K, 1% used [0x0000000080200000,0x00000000819b00f8,0x00000000dac80000)
 Metaspace       used 56526K, capacity 58886K, committed 59160K, reserved 1099776K
  class space    used 7812K, capacity 8214K, committed 8232K, reserved 1048576K
}

